This file contains any messages produced by compilers while
running configure, to aid debugging if configure makes a mistake.

It was created by configure, which was
generated by GNU Autoconf 2.59.  Invocation command line was

  $ ./configure 

## --------- ##
## Platform. ##
## --------- ##

hostname = Dongik-Ubuntu
uname -m = x86_64
uname -r = 3.13.0-39-generic
uname -s = Linux
uname -v = #66-Ubuntu SMP Tue Oct 28 13:30:27 UTC 2014

/usr/bin/uname -p = unknown
/bin/uname -X     = unknown

/bin/arch              = unknown
/usr/bin/arch -k       = unknown
/usr/convex/getsysinfo = unknown
hostinfo               = unknown
/bin/machine           = unknown
/usr/bin/oslevel       = unknown
/bin/universe          = unknown

PATH: /usr/local/texlive/2014/bin/x86_64-linux
PATH: /usr/local/texlive/2014/texmf-dist/tex/latex/kotex
PATH: /opt/texbin
PATH: /usr/local/sbin
PATH: /usr/local/bin
PATH: /usr/sbin
PATH: /usr/bin
PATH: /sbin
PATH: /bin
PATH: /usr/games
PATH: /usr/local/games


## ----------- ##
## Core tests. ##
## ----------- ##

configure:1265: checking for pkg-config
configure:1283: found /usr/bin/pkg-config
configure:1295: result: /usr/bin/pkg-config
configure:1394: checking for gcc
configure:1410: found /usr/bin/gcc
configure:1420: result: gcc
configure:1664: checking for C compiler version
configure:1667: gcc --version </dev/null >&5
gcc (Ubuntu 4.8.2-19ubuntu1) 4.8.2
Copyright (C) 2013 Free Software Foundation, Inc.
This is free software; see the source for copying conditions.  There is NO
warranty; not even for MERCHANTABILITY or FITNESS FOR A PARTICULAR PURPOSE.

configure:1670: $? = 0
configure:1672: gcc -v </dev/null >&5
Using built-in specs.
COLLECT_GCC=gcc
COLLECT_LTO_WRAPPER=/usr/lib/gcc/x86_64-linux-gnu/4.8/lto-wrapper
Target: x86_64-linux-gnu
Configured with: ../src/configure -v --with-pkgversion='Ubuntu 4.8.2-19ubuntu1' --with-bugurl=file:///usr/share/doc/gcc-4.8/README.Bugs --enable-languages=c,c++,java,go,d,fortran,objc,obj-c++ --prefix=/usr --program-suffix=-4.8 --enable-shared --enable-linker-build-id --libexecdir=/usr/lib --without-included-gettext --enable-threads=posix --with-gxx-include-dir=/usr/include/c++/4.8 --libdir=/usr/lib --enable-nls --with-sysroot=/ --enable-clocale=gnu --enable-libstdcxx-debug --enable-libstdcxx-time=yes --enable-gnu-unique-object --disable-libmudflap --enable-plugin --with-system-zlib --disable-browser-plugin --enable-java-awt=gtk --enable-gtk-cairo --with-java-home=/usr/lib/jvm/java-1.5.0-gcj-4.8-amd64/jre --enable-java-home --with-jvm-root-dir=/usr/lib/jvm/java-1.5.0-gcj-4.8-amd64 --with-jvm-jar-dir=/usr/lib/jvm-exports/java-1.5.0-gcj-4.8-amd64 --with-arch-directory=amd64 --with-ecj-jar=/usr/share/java/eclipse-ecj.jar --enable-objc-gc --enable-multiarch --disable-werror --with-arch-32=i686 --with-abi=m64 --with-multilib-list=m32,m64,mx32 --with-tune=generic --enable-checking=release --build=x86_64-linux-gnu --host=x86_64-linux-gnu --target=x86_64-linux-gnu
Thread model: posix
gcc version 4.8.2 (Ubuntu 4.8.2-19ubuntu1) 
configure:1675: $? = 0
configure:1677: gcc -V </dev/null >&5
gcc: error: unrecognized command line option '-V'
gcc: fatal error: no input files
compilation terminated.
configure:1680: $? = 4
configure:1703: checking for C compiler default output file name
configure:1706: gcc     conftest.c  >&5
configure:1709: $? = 0
configure:1755: result: a.out
configure:1760: checking whether the C compiler works
configure:1766: ./a.out
configure:1769: $? = 0
configure:1786: result: yes
configure:1793: checking whether we are cross compiling
configure:1795: result: no
configure:1798: checking for suffix of executables
configure:1800: gcc -o conftest     conftest.c  >&5
configure:1803: $? = 0
configure:1828: result: 
configure:1834: checking for suffix of object files
configure:1855: gcc -c    conftest.c >&5
configure:1858: $? = 0
configure:1880: result: o
configure:1884: checking whether we are using the GNU C compiler
configure:1908: gcc -c    conftest.c >&5
configure:1914: $? = 0
configure:1918: test -z 
			 || test ! -s conftest.err
configure:1921: $? = 0
configure:1924: test -s conftest.o
configure:1927: $? = 0
configure:1940: result: yes
configure:1946: checking whether gcc accepts -g
configure:1967: gcc -c -g   conftest.c >&5
configure:1973: $? = 0
configure:1977: test -z 
			 || test ! -s conftest.err
configure:1980: $? = 0
configure:1983: test -s conftest.o
configure:1986: $? = 0
configure:1997: result: yes
configure:2014: checking for gcc option to accept ANSI C
configure:2084: gcc  -c -g -O2   conftest.c >&5
configure:2090: $? = 0
configure:2094: test -z 
			 || test ! -s conftest.err
configure:2097: $? = 0
configure:2100: test -s conftest.o
configure:2103: $? = 0
configure:2121: result: none needed
configure:2139: gcc -c -g -O2   conftest.c >&5
conftest.c:2:3: error: unknown type name 'choke'
   choke me
   ^
conftest.c:2:3: error: expected '=', ',', ';', 'asm' or '__attribute__' at end of input
configure:2145: $? = 1
configure: failed program was:
| #ifndef __cplusplus
|   choke me
| #endif
configure:2297: gcc -c -g -O2   conftest.c >&5
configure:2303: $? = 0
configure:2307: test -z 
			 || test ! -s conftest.err
configure:2310: $? = 0
configure:2313: test -s conftest.o
configure:2316: $? = 0
configure:2330: checking for fftw_malloc in -lfftw3
configure:2360: gcc -o conftest -g -O2    conftest.c -lfftw3   >&5
configure:2366: $? = 0
configure:2370: test -z 
			 || test ! -s conftest.err
configure:2373: $? = 0
configure:2376: test -s conftest
configure:2379: $? = 0
configure:2392: result: yes
configure:2440: gcc -o conftest -g -O2    conftest.c -lfftw3   >&5
configure:2446: $? = 0
configure:2450: test -z 
			 || test ! -s conftest.err
configure:2453: $? = 0
configure:2456: test -s conftest
configure:2459: $? = 0
configure:2613: creating ./config.status

## ---------------------- ##
## Running config.status. ##
## ---------------------- ##

This file was extended by config.status, which was
generated by GNU Autoconf 2.59.  Invocation command line was

  CONFIG_FILES    = 
  CONFIG_HEADERS  = 
  CONFIG_LINKS    = 
  CONFIG_COMMANDS = 
  $ ./config.status 

on Dongik-Ubuntu

config.status:634: creating src/Makevars

## ---------------- ##
## Cache variables. ##
## ---------------- ##

ac_cv_c_compiler_gnu=yes
ac_cv_env_CC_set=
ac_cv_env_CC_value=
ac_cv_env_CFLAGS_set=
ac_cv_env_CFLAGS_value=
ac_cv_env_CPPFLAGS_set=
ac_cv_env_CPPFLAGS_value=
ac_cv_env_LDFLAGS_set=
ac_cv_env_LDFLAGS_value=
ac_cv_env_build_alias_set=
ac_cv_env_build_alias_value=
ac_cv_env_host_alias_set=
ac_cv_env_host_alias_value=
ac_cv_env_target_alias_set=
ac_cv_env_target_alias_value=
ac_cv_exeext=
ac_cv_lib_fftw3_fftw_malloc=yes
ac_cv_objext=o
ac_cv_path_PKG_CONFIG=/usr/bin/pkg-config
ac_cv_prog_ac_ct_CC=gcc
ac_cv_prog_cc_g=yes
ac_cv_prog_cc_stdc=

## ----------------- ##
## Output variables. ##
## ----------------- ##

CC='gcc'
CFLAGS='-g -O2'
CPPFLAGS=' '
DEFS='-DPACKAGE_NAME=\"\" -DPACKAGE_TARNAME=\"\" -DPACKAGE_VERSION=\"\" -DPACKAGE_STRING=\"\" -DPACKAGE_BUGREPORT=\"\" -DHAVE_LIBFFTW3=1 '
ECHO_C=''
ECHO_N='-n'
ECHO_T=''
EXEEXT=''
LDFLAGS=''
LIBOBJS=''
LIBS='-lfftw3  '
LTLIBOBJS=''
OBJEXT='o'
PACKAGE_BUGREPORT=''
PACKAGE_NAME=''
PACKAGE_STRING=''
PACKAGE_TARNAME=''
PACKAGE_VERSION=''
PATH_SEPARATOR=':'
PKG_CONFIG='/usr/bin/pkg-config'
PKG_CPPFLAGS='  -DNOPROGRESS'
PKG_LIBS='-lfftw3   -lfftw3'
SHELL='/bin/bash'
ac_ct_CC='gcc'
bindir='${exec_prefix}/bin'
build_alias=''
datadir='${prefix}/share'
exec_prefix='${prefix}'
host_alias=''
includedir='${prefix}/include'
infodir='${prefix}/info'
libdir='${exec_prefix}/lib'
libexecdir='${exec_prefix}/libexec'
localstatedir='${prefix}/var'
mandir='${prefix}/man'
oldincludedir='/usr/include'
prefix='/usr/local'
program_transform_name='s,x,x,'
sbindir='${exec_prefix}/sbin'
sharedstatedir='${prefix}/com'
sysconfdir='${prefix}/etc'
target_alias=''

## ----------- ##
## confdefs.h. ##
## ----------- ##

#define HAVE_LIBFFTW3 1
#define PACKAGE_BUGREPORT ""
#define PACKAGE_NAME ""
#define PACKAGE_STRING ""
#define PACKAGE_TARNAME ""
#define PACKAGE_VERSION ""

configure: exit 0
